Using pre-set license
Built from '2022.3/staging' branch; Version is '2022.3.8f1 (b5eafc012955) revision 11922172'; Using compiler version '192829333'; Build Type 'Release'
OS: 'Windows 11  (10.0.22631) 64bit Professional' Language: 'cs' Physical Memory: 16190 MB
BatchMode: 1, IsHumanControllingUs: 0, StartBugReporterOnCrash: 0, Is64bit: 1, IsPro: 1

COMMAND LINE ARGUMENTS:
C:\Program Files\Unity\Hub\Editor\2022.3.8f1\Editor\Unity.exe
-adb2
-batchMode
-noUpm
-name
AssetImportWorker0
-projectPath
C:/Users/sykor/Documents/GitHub/ggj2025
-logFile
Logs/AssetImportWorker0.log
-srvPort
50805
Successfully changed project path to: C:/Users/sykor/Documents/GitHub/ggj2025
C:/Users/sykor/Documents/GitHub/ggj2025
[UnityMemory] Configuration Parameters - Can be set up in boot.config
    "memorysetup-bucket-allocator-granularity=16"
    "memorysetup-bucket-allocator-bucket-count=8"
    "memorysetup-bucket-allocator-block-size=33554432"
    "memorysetup-bucket-allocator-block-count=8"
    "memorysetup-main-allocator-block-size=16777216"
    "memorysetup-thread-allocator-block-size=16777216"
    "memorysetup-gfx-main-allocator-block-size=16777216"
    "memorysetup-gfx-thread-allocator-block-size=16777216"
    "memorysetup-cache-allocator-block-size=4194304"
    "memorysetup-typetree-allocator-block-size=2097152"
    "memorysetup-profiler-bucket-allocator-granularity=16"
    "memorysetup-profiler-bucket-allocator-bucket-count=8"
    "memorysetup-profiler-bucket-allocator-block-size=33554432"
    "memorysetup-profiler-bucket-allocator-block-count=8"
    "memorysetup-profiler-allocator-block-size=16777216"
    "memorysetup-profiler-editor-allocator-block-size=1048576"
    "memorysetup-temp-allocator-size-main=16777216"
    "memorysetup-job-temp-allocator-block-size=2097152"
    "memorysetup-job-temp-allocator-block-size-background=1048576"
    "memorysetup-job-temp-allocator-reduction-small-platforms=262144"
    "memorysetup-allocator-temp-initial-block-size-main=262144"
    "memorysetup-allocator-temp-initial-block-size-worker=262144"
    "memorysetup-temp-allocator-size-background-worker=32768"
    "memorysetup-temp-allocator-size-job-worker=262144"
    "memorysetup-temp-allocator-size-preload-manager=33554432"
    "memorysetup-temp-allocator-size-nav-mesh-worker=65536"
    "memorysetup-temp-allocator-size-audio-worker=65536"
    "memorysetup-temp-allocator-size-cloud-worker=32768"
    "memorysetup-temp-allocator-size-gi-baking-worker=262144"
    "memorysetup-temp-allocator-size-gfx=262144"
Player connection [23256] Host "[IP] 10.0.160.21 [Port] 0 [Flags] 2 [Guid] 2503423634 [EditorId] 2503423634 [Version] 1048832 [Id] WindowsEditor(7,DESKTOP-EN2B2J2) [Debug] 1 [PackageName] WindowsEditor [ProjectName] Editor" joined multi-casting on [225.0.0.222:54997]...

Player connection [23256] Host "[IP] 10.0.160.21 [Port] 0 [Flags] 2 [Guid] 2503423634 [EditorId] 2503423634 [Version] 1048832 [Id] WindowsEditor(7,DESKTOP-EN2B2J2) [Debug] 1 [PackageName] WindowsEditor [ProjectName] Editor" joined alternative multi-casting on [225.0.0.222:34997]...

[Physics::Module] Initialized MultithreadedJobDispatcher with 7 workers.
Refreshing native plugins compatible for Editor in 97.44 ms, found 4 plugins.
Preloading 0 native plugins for Editor in 0.00 ms.
Initialize engine version: 2022.3.8f1 (b5eafc012955)
[Subsystems] Discovering subsystems at path C:/Program Files/Unity/Hub/Editor/2022.3.8f1/Editor/Data/Resources/UnitySubsystems
[Subsystems] Discovering subsystems at path C:/Users/sykor/Documents/GitHub/ggj2025/Assets
GfxDevice: creating device client; threaded=0; jobified=0
Direct3D:
    Version:  Direct3D 11.0 [level 11.1]
    Renderer: AMD Radeon Pro WX3200 Graphics (ID=0x6981)
    Vendor:   ATI
    VRAM:     4077 MB
    Driver:   31.0.21018.23005
Initialize mono
Mono path[0] = 'C:/Program Files/Unity/Hub/Editor/2022.3.8f1/Editor/Data/Managed'
Mono path[1] = 'C:/Program Files/Unity/Hub/Editor/2022.3.8f1/Editor/Data/MonoBleedingEdge/lib/mono/unityjit-win32'
Mono config path = 'C:/Program Files/Unity/Hub/Editor/2022.3.8f1/Editor/Data/MonoBleedingEdge/etc'
Using monoOptions --debugger-agent=transport=dt_socket,embedding=1,server=y,suspend=n,address=127.0.0.1:56956
Begin MonoManager ReloadAssembly
Registering precompiled unity dll's ...
Register platform support module: C:/Program Files/Unity/Hub/Editor/2022.3.8f1/Editor/Data/PlaybackEngines/WindowsStandaloneSupport/UnityEditor.WindowsStandalone.Extensions.dll
Register platform support module: C:/Program Files/Unity/Hub/Editor/2022.3.8f1/Editor/Data/PlaybackEngines/MetroSupport/UnityEditor.UWP.Extensions.dll
Registered in 0.093567 seconds.
- Loaded All Assemblies, in  1.388 seconds
Native extension for UWP target not found
Native extension for WindowsStandalone target not found
Mono: successfully reloaded assembly
- Finished resetting the current domain, in  0.708 seconds
Domain Reload Profiling: 2068ms
	BeginReloadAssembly (503ms)
		ExecutionOrderSort (0ms)
		DisableScriptedObjects (0ms)
		BackupInstance (0ms)
		ReleaseScriptingObjects (0ms)
		CreateAndSetChildDomain (1ms)
	RebuildCommonClasses (93ms)
	RebuildNativeTypeToScriptingClass (33ms)
	initialDomainReloadingComplete (289ms)
	LoadAllAssembliesAndSetupDomain (439ms)
		LoadAssemblies (485ms)
		RebuildTransferFunctionScriptingTraits (0ms)
		AnalyzeDomain (431ms)
			TypeCache.Refresh (429ms)
				TypeCache.ScanAssembly (387ms)
			ScanForSourceGeneratedMonoScriptInfo (1ms)
			ResolveRequiredComponents (1ms)
	FinalizeReload (710ms)
		ReleaseScriptCaches (0ms)
		RebuildScriptCaches (0ms)
		SetupLoadedEditorAssemblies (553ms)
			LogAssemblyErrors (0ms)
			InitializePlatformSupportModulesInManaged (60ms)
			SetLoadedEditorAssemblies (15ms)
			RefreshPlugins (0ms)
			BeforeProcessingInitializeOnLoad (7ms)
			ProcessInitializeOnLoadAttributes (346ms)
			ProcessInitializeOnLoadMethodAttributes (124ms)
			AfterProcessingInitializeOnLoad (0ms)
			EditorAssembliesLoaded (0ms)
		ExecutionOrderSort2 (0ms)
		AwakeInstancesAfterBackupRestoration (0ms)
========================================================================
Worker process is ready to serve import requests
Begin MonoManager ReloadAssembly
- Loaded All Assemblies, in  2.038 seconds
Refreshing native plugins compatible for Editor in 31.97 ms, found 4 plugins.
Native extension for UWP target not found
Native extension for WindowsStandalone target not found
Mono: successfully reloaded assembly
- Finished resetting the current domain, in  1.635 seconds
Domain Reload Profiling: 3623ms
	BeginReloadAssembly (549ms)
		ExecutionOrderSort (0ms)
		DisableScriptedObjects (13ms)
		BackupInstance (0ms)
		ReleaseScriptingObjects (1ms)
		CreateAndSetChildDomain (60ms)
	RebuildCommonClasses (70ms)
	RebuildNativeTypeToScriptingClass (19ms)
	initialDomainReloadingComplete (128ms)
	LoadAllAssembliesAndSetupDomain (1220ms)
		LoadAssemblies (1238ms)
		RebuildTransferFunctionScriptingTraits (0ms)
		AnalyzeDomain (316ms)
			TypeCache.Refresh (273ms)
				TypeCache.ScanAssembly (246ms)
			ScanForSourceGeneratedMonoScriptInfo (33ms)
			ResolveRequiredComponents (8ms)
	FinalizeReload (1637ms)
		ReleaseScriptCaches (0ms)
		RebuildScriptCaches (0ms)
		SetupLoadedEditorAssemblies (1375ms)
			LogAssemblyErrors (0ms)
			InitializePlatformSupportModulesInManaged (28ms)
			SetLoadedEditorAssemblies (5ms)
			RefreshPlugins (0ms)
			BeforeProcessingInitializeOnLoad (192ms)
			ProcessInitializeOnLoadAttributes (955ms)
			ProcessInitializeOnLoadMethodAttributes (121ms)
			AfterProcessingInitializeOnLoad (74ms)
			EditorAssembliesLoaded (1ms)
		ExecutionOrderSort2 (0ms)
		AwakeInstancesAfterBackupRestoration (23ms)
Launched and connected shader compiler UnityShaderCompiler.exe after 0.56 seconds
Refreshing native plugins compatible for Editor in 42.27 ms, found 4 plugins.
Preloading 0 native plugins for Editor in 0.00 ms.
Unloading 4584 Unused Serialized files (Serialized files now loaded: 0)
Unloading 87 unused Assets / (318.2 KB). Loaded Objects now: 5040.
Memory consumption went from 151.6 MB to 151.3 MB.
Total: 8.877100 ms (FindLiveObjects: 0.605400 ms CreateObjectMapping: 0.746400 ms MarkObjects: 7.040100 ms  DeleteObjects: 0.482800 ms)

AssetImportParameters requested are different than current active one (requested -> active):
  custom:container-demuxer-ogg: 62fdf1f143b41e24485cea50d1cbac27 -> 
  custom:video-decoder-ogg-theora: a1e56fd34408186e4bbccfd4996cb3dc -> 
  custom:framework-win-MediaFoundation: 216162199b28c13a410421893ffa2e32 -> 
  custom:container-demuxer-webm: 4f35f7cbe854078d1ac9338744f61a02 -> 
  custom:container-muxer-webm: aa71ff27fc2769a1b78a27578f13a17b -> 
  custom:video-decoder-webm-vp8: 9c59270c3fd7afecdb556c50c9e8de78 -> 
  custom:SearchIndexIgnoredProperties: e643bd26f0fe6173181afceb89e7c659 -> 
  custom:AudioImporter_EditorPlatform: d09bf68614088b80899f8185d706f6e7 -> 
  custom:video-encoder-webm-vp8: eb34c28f22e8b96e1ab97ce403110664 -> 
  custom:audio-decoder-ogg-vorbis: bf7c407c2cedff20999df2af8eb42d56 -> 
  custom:audio-encoder-webm-vorbis: bf7c407c2cedff20999df2af8eb42d56 -> 
========================================================================
Received Prepare
Refreshing native plugins compatible for Editor in 40.58 ms, found 4 plugins.
Preloading 0 native plugins for Editor in 0.00 ms.
Unloading 8 Unused Serialized files (Serialized files now loaded: 0)
Unloading 8 unused Assets / (272.0 KB). Loaded Objects now: 5040.
Memory consumption went from 76.9 MB to 76.7 MB.
Total: 6.502400 ms (FindLiveObjects: 0.548100 ms CreateObjectMapping: 0.555600 ms MarkObjects: 5.088800 ms  DeleteObjects: 0.307700 ms)

Prepare: number of updated asset objects reloaded= 0
AssetImportParameters requested are different than current active one (requested -> active):
  custom:container-demuxer-ogg: 62fdf1f143b41e24485cea50d1cbac27 -> 
  custom:video-decoder-ogg-theora: a1e56fd34408186e4bbccfd4996cb3dc -> 
  custom:framework-win-MediaFoundation: 216162199b28c13a410421893ffa2e32 -> 
  custom:CustomObjectIndexerAttribute: 756ad292c208cfabdd7b50bc23989ffe -> 
  custom:container-demuxer-webm: 4f35f7cbe854078d1ac9338744f61a02 -> 
  custom:container-muxer-webm: aa71ff27fc2769a1b78a27578f13a17b -> 
  custom:video-decoder-webm-vp8: 9c59270c3fd7afecdb556c50c9e8de78 -> 
  custom:SearchIndexIgnoredProperties: e643bd26f0fe6173181afceb89e7c659 -> 
  custom:AudioImporter_EditorPlatform: d09bf68614088b80899f8185d706f6e7 -> 
  custom:video-encoder-webm-vp8: eb34c28f22e8b96e1ab97ce403110664 -> 
  custom:audio-decoder-ogg-vorbis: bf7c407c2cedff20999df2af8eb42d56 -> 
  custom:audio-encoder-webm-vorbis: bf7c407c2cedff20999df2af8eb42d56 -> 
========================================================================
Received Import Request.
  Time since last request: 760290.089457 seconds.
  path: Assets/Tiles/spr_block_left.png
  artifactKey: Guid(f385a963fadd7ec43821efdaaf254be4) Importer(815301076,1909f56bfc062723c751e8b465ee728b)
Start importing Assets/Tiles/spr_block_left.png using Guid(f385a963fadd7ec43821efdaaf254be4) Importer(815301076,1909f56bfc062723c751e8b465ee728b)  -> (artifact id: '18b33f79ed65cf922c02af348209389f') in 0.267087 seconds
Number of updated asset objects reloaded before import = 0
Number of asset objects unloaded after import = 3
========================================================================
Received Import Request.
  Time since last request: 0.000040 seconds.
  path: Assets/Tiles/spr_block_center.png
  artifactKey: Guid(09677300276d28e43a5b85c58cd1472b) Importer(815301076,1909f56bfc062723c751e8b465ee728b)
Start importing Assets/Tiles/spr_block_center.png using Guid(09677300276d28e43a5b85c58cd1472b) Importer(815301076,1909f56bfc062723c751e8b465ee728b)  -> (artifact id: '33227215d025c7db61b80400ed04964d') in 0.081721 seconds
Number of updated asset objects reloaded before import = 0
Number of asset objects unloaded after import = 3
========================================================================
Received Import Request.
  Time since last request: 5.475868 seconds.
  path: Assets/Tiles/Platforms.prefab
  artifactKey: Guid(42bf982060b48b94ca6eade0598e847d) Importer(815301076,1909f56bfc062723c751e8b465ee728b)
Start importing Assets/Tiles/Platforms.prefab using Guid(42bf982060b48b94ca6eade0598e847d) Importer(815301076,1909f56bfc062723c751e8b465ee728b)  -> (artifact id: 'deec2fd0bc18c440c7855616e4a43183') in 0.073741 seconds
Number of updated asset objects reloaded before import = 0
Number of asset objects unloaded after import = 22
========================================================================
Received Import Request.
  Time since last request: 1.860420 seconds.
  path: Assets/Tiles/Platforms.prefab
  artifactKey: Guid(42bf982060b48b94ca6eade0598e847d) Importer(815301076,1909f56bfc062723c751e8b465ee728b)
Start importing Assets/Tiles/Platforms.prefab using Guid(42bf982060b48b94ca6eade0598e847d) Importer(815301076,1909f56bfc062723c751e8b465ee728b)  -> (artifact id: 'f54f3e4d52accefb5b42d293745a6d01') in 0.026544 seconds
Number of updated asset objects reloaded before import = 0
Number of asset objects unloaded after import = 20
========================================================================
Received Import Request.
  Time since last request: 15.560336 seconds.
  path: Assets/Tiles/Platforms.prefab
  artifactKey: Guid(42bf982060b48b94ca6eade0598e847d) Importer(815301076,1909f56bfc062723c751e8b465ee728b)
Start importing Assets/Tiles/Platforms.prefab using Guid(42bf982060b48b94ca6eade0598e847d) Importer(815301076,1909f56bfc062723c751e8b465ee728b)  -> (artifact id: '583fcbedfb19bcd288910d632b16f4bc') in 0.038457 seconds
Number of updated asset objects reloaded before import = 0
Number of asset objects unloaded after import = 23
========================================================================
Received Import Request.
  Time since last request: 27.655147 seconds.
  path: Assets/Tiles/spr_block_center.png
  artifactKey: Guid(09677300276d28e43a5b85c58cd1472b) Importer(815301076,1909f56bfc062723c751e8b465ee728b)
Start importing Assets/Tiles/spr_block_center.png using Guid(09677300276d28e43a5b85c58cd1472b) Importer(815301076,1909f56bfc062723c751e8b465ee728b)  -> (artifact id: '78c3dd20ca1021e730a93370daebc265') in 0.057416 seconds
Number of updated asset objects reloaded before import = 0
Number of asset objects unloaded after import = 3
========================================================================
Received Import Request.
  Time since last request: 0.132192 seconds.
  path: Assets/Tiles/Platforms.prefab
  artifactKey: Guid(42bf982060b48b94ca6eade0598e847d) Importer(815301076,1909f56bfc062723c751e8b465ee728b)
Start importing Assets/Tiles/Platforms.prefab using Guid(42bf982060b48b94ca6eade0598e847d) Importer(815301076,1909f56bfc062723c751e8b465ee728b)  -> (artifact id: 'e44597ade2ab1d412f605c5ca7efbf33') in 0.034948 seconds
Number of updated asset objects reloaded before import = 0
Number of asset objects unloaded after import = 23
========================================================================
Received Import Request.
  Time since last request: 28.176031 seconds.
  path: Assets/Tiles/spr_block_left.png
  artifactKey: Guid(f385a963fadd7ec43821efdaaf254be4) Importer(815301076,1909f56bfc062723c751e8b465ee728b)
Start importing Assets/Tiles/spr_block_left.png using Guid(f385a963fadd7ec43821efdaaf254be4) Importer(815301076,1909f56bfc062723c751e8b465ee728b)  -> (artifact id: '130881745726e71b7d5aa75c49c57d3e') in 0.052672 seconds
Number of updated asset objects reloaded before import = 0
Number of asset objects unloaded after import = 3
========================================================================
Received Import Request.
  Time since last request: 0.110946 seconds.
  path: Assets/Tiles/Platforms.prefab
  artifactKey: Guid(42bf982060b48b94ca6eade0598e847d) Importer(815301076,1909f56bfc062723c751e8b465ee728b)
Start importing Assets/Tiles/Platforms.prefab using Guid(42bf982060b48b94ca6eade0598e847d) Importer(815301076,1909f56bfc062723c751e8b465ee728b)  -> (artifact id: 'c3afef41af62ddc49318a5ce766b7e0f') in 0.030787 seconds
Number of updated asset objects reloaded before import = 0
Number of asset objects unloaded after import = 23
========================================================================
Received Import Request.
  Time since last request: 58.883278 seconds.
  path: Assets/Sprites/Shell.prefab
  artifactKey: Guid(33f277eae88cdea4eb7e6da5f7d11b12) Importer(815301076,1909f56bfc062723c751e8b465ee728b)
Start importing Assets/Sprites/Shell.prefab using Guid(33f277eae88cdea4eb7e6da5f7d11b12) Importer(815301076,1909f56bfc062723c751e8b465ee728b)  -> (artifact id: 'e7f035b4b22134da0707614fe810dcb6') in 0.027834 seconds
Number of updated asset objects reloaded before import = 0
Number of asset objects unloaded after import = 7
========================================================================
Received Import Request.
  Time since last request: 1.023273 seconds.
  path: Assets/Sprites/spr_bubble 1.png
  artifactKey: Guid(28a74110796fc91489b4408b23f5f15a) Importer(815301076,1909f56bfc062723c751e8b465ee728b)
Start importing Assets/Sprites/spr_bubble 1.png using Guid(28a74110796fc91489b4408b23f5f15a) Importer(815301076,1909f56bfc062723c751e8b465ee728b)  -> (artifact id: 'c77456e695011ba1466729adae98a7ab') in 0.055093 seconds
Number of updated asset objects reloaded before import = 0
Number of asset objects unloaded after import = 3
========================================================================
Received Import Request.
  Time since last request: 12.512929 seconds.
  path: Assets/Prefabs/Player.prefab
  artifactKey: Guid(a98ac8b191c93344a8402fce611326a1) Importer(815301076,1909f56bfc062723c751e8b465ee728b)
Start importing Assets/Prefabs/Player.prefab using Guid(a98ac8b191c93344a8402fce611326a1) Importer(815301076,1909f56bfc062723c751e8b465ee728b)  -> (artifact id: 'fc6a0b37cf155d42b97e8fd37ec668d0') in 0.049305 seconds
Number of updated asset objects reloaded before import = 0
Number of asset objects unloaded after import = 20
========================================================================
Received Import Request.
  Time since last request: 25.062392 seconds.
  path: Assets/Tiles/veryBasicTiles.pdf
  artifactKey: Guid(127369a626be8254f8f12537a573f804) Importer(815301076,1909f56bfc062723c751e8b465ee728b)
Start importing Assets/Tiles/veryBasicTiles.pdf using Guid(127369a626be8254f8f12537a573f804) Importer(815301076,1909f56bfc062723c751e8b465ee728b)  -> (artifact id: '8066de9f231c7790ef3d4b5c8a043839') in 0.002661 seconds
Number of updated asset objects reloaded before import = 0
Number of asset objects unloaded after import = 1
========================================================================
Received Import Request.
  Time since last request: 74.301620 seconds.
  path: Assets/Tiles/PlatformsPale4tte.prefab
  artifactKey: Guid(42bf982060b48b94ca6eade0598e847d) Importer(815301076,1909f56bfc062723c751e8b465ee728b)
Start importing Assets/Tiles/PlatformsPale4tte.prefab using Guid(42bf982060b48b94ca6eade0598e847d) Importer(815301076,1909f56bfc062723c751e8b465ee728b)  -> (artifact id: '1dc383aca41447ce4e3fd9589a32014a') in 0.027914 seconds
Number of updated asset objects reloaded before import = 0
Number of asset objects unloaded after import = 23
========================================================================
Received Import Request.
  Time since last request: 26.202788 seconds.
  path: Assets/Tiles/Platforms.asset
  artifactKey: Guid(d07da3cfc9cab1c4e91e27ae340b7df8) Importer(815301076,1909f56bfc062723c751e8b465ee728b)
Start importing Assets/Tiles/Platforms.asset using Guid(d07da3cfc9cab1c4e91e27ae340b7df8) Importer(815301076,1909f56bfc062723c751e8b465ee728b)  -> (artifact id: '3e0cad569a8f6817ed6310eeba5c232b') in 0.010725 seconds
Number of updated asset objects reloaded before import = 0
Number of asset objects unloaded after import = 1
========================================================================
Received Import Request.
  Time since last request: 0.012822 seconds.
  path: Assets/Tiles/PlatformsPale4tte.prefab
  artifactKey: Guid(42bf982060b48b94ca6eade0598e847d) Importer(815301076,1909f56bfc062723c751e8b465ee728b)
Start importing Assets/Tiles/PlatformsPale4tte.prefab using Guid(42bf982060b48b94ca6eade0598e847d) Importer(815301076,1909f56bfc062723c751e8b465ee728b)  -> (artifact id: '018fa8e9af31a0c4b291779e80440820') in 0.036285 seconds
Number of updated asset objects reloaded before import = 0
Number of asset objects unloaded after import = 23
========================================================================
Received Import Request.
  Time since last request: 12.190614 seconds.
  path: Assets/Tiles/PlatformsPale4tte.prefab
  artifactKey: Guid(42bf982060b48b94ca6eade0598e847d) Importer(815301076,1909f56bfc062723c751e8b465ee728b)
Start importing Assets/Tiles/PlatformsPale4tte.prefab using Guid(42bf982060b48b94ca6eade0598e847d) Importer(815301076,1909f56bfc062723c751e8b465ee728b)  -> (artifact id: '7530f16952ceebdd9aca2100f6685968') in 0.030523 seconds
Number of updated asset objects reloaded before import = 0
Number of asset objects unloaded after import = 21
========================================================================
Received Import Request.
  Time since last request: 26.468191 seconds.
  path: Assets/Tiles/mapBase.png
  artifactKey: Guid(a95ec638b1b9250448a55b5e75e9f45b) Importer(815301076,1909f56bfc062723c751e8b465ee728b)
Start importing Assets/Tiles/mapBase.png using Guid(a95ec638b1b9250448a55b5e75e9f45b) Importer(815301076,1909f56bfc062723c751e8b465ee728b)  -> (artifact id: '74a64e0c7fcdd397de27ab120d9a268f') in 0.107982 seconds
Number of updated asset objects reloaded before import = 0
Number of asset objects unloaded after import = 6
========================================================================
Received Import Request.
  Time since last request: 148.163225 seconds.
  path: Assets/Tiles/PlatformsPale4tte.prefab
  artifactKey: Guid(42bf982060b48b94ca6eade0598e847d) Importer(815301076,1909f56bfc062723c751e8b465ee728b)
Start importing Assets/Tiles/PlatformsPale4tte.prefab using Guid(42bf982060b48b94ca6eade0598e847d) Importer(815301076,1909f56bfc062723c751e8b465ee728b)  -> (artifact id: '2aefc7483a492ac6057e80b1a6746185') in 0.035379 seconds
Number of updated asset objects reloaded before import = 0
Number of asset objects unloaded after import = 24
========================================================================
Received Import Request.
  Time since last request: 63.242925 seconds.
  path: Assets/Tiles/Platforms.asset
  artifactKey: Guid(d07da3cfc9cab1c4e91e27ae340b7df8) Importer(815301076,1909f56bfc062723c751e8b465ee728b)
Start importing Assets/Tiles/Platforms.asset using Guid(d07da3cfc9cab1c4e91e27ae340b7df8) Importer(815301076,1909f56bfc062723c751e8b465ee728b)  -> (artifact id: '8313c4f7b794b5a343ae7b1a3d2dc201') in 0.022109 seconds
Number of updated asset objects reloaded before import = 0
Number of asset objects unloaded after import = 5
========================================================================
Received Import Request.
  Time since last request: 0.001890 seconds.
  path: Assets/Tiles/PlatformsPale4tte.prefab
  artifactKey: Guid(42bf982060b48b94ca6eade0598e847d) Importer(815301076,1909f56bfc062723c751e8b465ee728b)
Start importing Assets/Tiles/PlatformsPale4tte.prefab using Guid(42bf982060b48b94ca6eade0598e847d) Importer(815301076,1909f56bfc062723c751e8b465ee728b)  -> (artifact id: 'ace045aef81f7cbf0e3317c181611b46') in 0.031449 seconds
Number of updated asset objects reloaded before import = 0
Number of asset objects unloaded after import = 20
========================================================================
Received Import Request.
  Time since last request: 105.575827 seconds.
  path: Assets/Tiles/PlatformsPale4tte.prefab
  artifactKey: Guid(42bf982060b48b94ca6eade0598e847d) Importer(815301076,1909f56bfc062723c751e8b465ee728b)
Start importing Assets/Tiles/PlatformsPale4tte.prefab using Guid(42bf982060b48b94ca6eade0598e847d) Importer(815301076,1909f56bfc062723c751e8b465ee728b)  -> (artifact id: 'fed5e3165519d32fcb3e6b8f0bc19d70') in 0.029279 seconds
Number of updated asset objects reloaded before import = 0
Number of asset objects unloaded after import = 22
========================================================================
Received Prepare
Begin MonoManager ReloadAssembly
- Loaded All Assemblies, in  1.906 seconds
Refreshing native plugins compatible for Editor in 52.13 ms, found 4 plugins.
Native extension for UWP target not found
Native extension for WindowsStandalone target not found
Mono: successfully reloaded assembly
- Finished resetting the current domain, in  5.025 seconds
Domain Reload Profiling: 6885ms
	BeginReloadAssembly (477ms)
		ExecutionOrderSort (0ms)
		DisableScriptedObjects (20ms)
		BackupInstance (0ms)
		ReleaseScriptingObjects (0ms)
		CreateAndSetChildDomain (71ms)
	RebuildCommonClasses (96ms)
	RebuildNativeTypeToScriptingClass (26ms)
	initialDomainReloadingComplete (163ms)
	LoadAllAssembliesAndSetupDomain (1097ms)
		LoadAssemblies (1368ms)
		RebuildTransferFunctionScriptingTraits (0ms)
		AnalyzeDomain (35ms)
			TypeCache.Refresh (15ms)
				TypeCache.ScanAssembly (0ms)
			ScanForSourceGeneratedMonoScriptInfo (0ms)
			ResolveRequiredComponents (17ms)
	FinalizeReload (5026ms)
		ReleaseScriptCaches (0ms)
		RebuildScriptCaches (0ms)
		SetupLoadedEditorAssemblies (1758ms)
			LogAssemblyErrors (0ms)
			InitializePlatformSupportModulesInManaged (45ms)
			SetLoadedEditorAssemblies (9ms)
			RefreshPlugins (0ms)
			BeforeProcessingInitializeOnLoad (347ms)
			ProcessInitializeOnLoadAttributes (1189ms)
			ProcessInitializeOnLoadMethodAttributes (93ms)
			AfterProcessingInitializeOnLoad (74ms)
			EditorAssembliesLoaded (1ms)
		ExecutionOrderSort2 (0ms)
		AwakeInstancesAfterBackupRestoration (31ms)
Refreshing native plugins compatible for Editor in 48.18 ms, found 4 plugins.
Preloading 0 native plugins for Editor in 0.00 ms.
Unloading 4564 Unused Serialized files (Serialized files now loaded: 0)
Unloading 41 unused Assets / (288.7 KB). Loaded Objects now: 5071.
Memory consumption went from 151.1 MB to 150.8 MB.
Total: 9.007900 ms (FindLiveObjects: 0.559100 ms CreateObjectMapping: 0.633800 ms MarkObjects: 7.533000 ms  DeleteObjects: 0.280200 ms)

Prepare: number of updated asset objects reloaded= 0
AssetImportParameters requested are different than current active one (requested -> active):
  custom:container-demuxer-ogg: 62fdf1f143b41e24485cea50d1cbac27 -> 
  custom:video-decoder-ogg-theora: a1e56fd34408186e4bbccfd4996cb3dc -> 
  custom:framework-win-MediaFoundation: 216162199b28c13a410421893ffa2e32 -> 
  custom:CustomObjectIndexerAttribute: 756ad292c208cfabdd7b50bc23989ffe -> 
  custom:container-demuxer-webm: 4f35f7cbe854078d1ac9338744f61a02 -> 
  custom:container-muxer-webm: aa71ff27fc2769a1b78a27578f13a17b -> 
  custom:video-decoder-webm-vp8: 9c59270c3fd7afecdb556c50c9e8de78 -> 
  custom:SearchIndexIgnoredProperties: e643bd26f0fe6173181afceb89e7c659 -> 
  custom:AudioImporter_EditorPlatform: d09bf68614088b80899f8185d706f6e7 -> 
  custom:video-encoder-webm-vp8: eb34c28f22e8b96e1ab97ce403110664 -> 
  custom:audio-decoder-ogg-vorbis: bf7c407c2cedff20999df2af8eb42d56 -> 
  custom:audio-encoder-webm-vorbis: bf7c407c2cedff20999df2af8eb42d56 -> 
========================================================================
Received Prepare
Begin MonoManager ReloadAssembly
- Loaded All Assemblies, in  1.569 seconds
Refreshing native plugins compatible for Editor in 53.05 ms, found 4 plugins.
Native extension for UWP target not found
Native extension for WindowsStandalone target not found
Mono: successfully reloaded assembly
- Finished resetting the current domain, in  4.752 seconds
Domain Reload Profiling: 6283ms
	BeginReloadAssembly (441ms)
		ExecutionOrderSort (0ms)
		DisableScriptedObjects (22ms)
		BackupInstance (0ms)
		ReleaseScriptingObjects (0ms)
		CreateAndSetChildDomain (76ms)
	RebuildCommonClasses (62ms)
	RebuildNativeTypeToScriptingClass (20ms)
	initialDomainReloadingComplete (113ms)
	LoadAllAssembliesAndSetupDomain (895ms)
		LoadAssemblies (1129ms)
		RebuildTransferFunctionScriptingTraits (0ms)
		AnalyzeDomain (30ms)
			TypeCache.Refresh (11ms)
				TypeCache.ScanAssembly (0ms)
			ScanForSourceGeneratedMonoScriptInfo (0ms)
			ResolveRequiredComponents (17ms)
	FinalizeReload (4752ms)
		ReleaseScriptCaches (0ms)
		RebuildScriptCaches (0ms)
		SetupLoadedEditorAssemblies (1498ms)
			LogAssemblyErrors (0ms)
			InitializePlatformSupportModulesInManaged (44ms)
			SetLoadedEditorAssemblies (9ms)
			RefreshPlugins (0ms)
			BeforeProcessingInitializeOnLoad (336ms)
			ProcessInitializeOnLoadAttributes (994ms)
			ProcessInitializeOnLoadMethodAttributes (59ms)
			AfterProcessingInitializeOnLoad (56ms)
			EditorAssembliesLoaded (0ms)
		ExecutionOrderSort2 (0ms)
		AwakeInstancesAfterBackupRestoration (24ms)
Refreshing native plugins compatible for Editor in 35.54 ms, found 4 plugins.
Preloading 0 native plugins for Editor in 0.00 ms.
Unloading 4565 Unused Serialized files (Serialized files now loaded: 0)
Unloading 41 unused Assets / (288.9 KB). Loaded Objects now: 5087.
Memory consumption went from 151.4 MB to 151.1 MB.
Total: 7.856200 ms (FindLiveObjects: 0.471900 ms CreateObjectMapping: 0.568700 ms MarkObjects: 6.552700 ms  DeleteObjects: 0.261100 ms)

Prepare: number of updated asset objects reloaded= 0
AssetImportParameters requested are different than current active one (requested -> active):
  custom:container-demuxer-ogg: 62fdf1f143b41e24485cea50d1cbac27 -> 
  custom:video-decoder-ogg-theora: a1e56fd34408186e4bbccfd4996cb3dc -> 
  custom:framework-win-MediaFoundation: 216162199b28c13a410421893ffa2e32 -> 
  custom:CustomObjectIndexerAttribute: 756ad292c208cfabdd7b50bc23989ffe -> 
  custom:container-demuxer-webm: 4f35f7cbe854078d1ac9338744f61a02 -> 
  custom:container-muxer-webm: aa71ff27fc2769a1b78a27578f13a17b -> 
  custom:video-decoder-webm-vp8: 9c59270c3fd7afecdb556c50c9e8de78 -> 
  custom:SearchIndexIgnoredProperties: e643bd26f0fe6173181afceb89e7c659 -> 
  custom:AudioImporter_EditorPlatform: d09bf68614088b80899f8185d706f6e7 -> 
  custom:video-encoder-webm-vp8: eb34c28f22e8b96e1ab97ce403110664 -> 
  custom:audio-decoder-ogg-vorbis: bf7c407c2cedff20999df2af8eb42d56 -> 
  custom:audio-encoder-webm-vorbis: bf7c407c2cedff20999df2af8eb42d56 -> 
========================================================================
Received Import Request.
  Time since last request: 202.297809 seconds.
  path: Assets/Tiles/tileGraphics
  artifactKey: Guid(c66766128c5817245b1c1fd71d67b676) Importer(815301076,1909f56bfc062723c751e8b465ee728b)
Start importing Assets/Tiles/tileGraphics using Guid(c66766128c5817245b1c1fd71d67b676) Importer(815301076,1909f56bfc062723c751e8b465ee728b)  -> (artifact id: '4f6cb48cb81cbf82dc9ea4dacf7dd65a') in 0.006707 seconds
Number of updated asset objects reloaded before import = 0
Number of asset objects unloaded after import = 0
========================================================================
Received Import Request.
  Time since last request: 19.446086 seconds.
  path: Assets/Tiles/veryBasicTiles.pdf
  artifactKey: Guid(772b9a2a18f872e48a8f366f2a9ae61a) Importer(815301076,1909f56bfc062723c751e8b465ee728b)
Start importing Assets/Tiles/veryBasicTiles.pdf using Guid(772b9a2a18f872e48a8f366f2a9ae61a) Importer(815301076,1909f56bfc062723c751e8b465ee728b)  -> (artifact id: '48eb460392e7bbe28922556b587efadb') in 0.015613 seconds
Number of updated asset objects reloaded before import = 0
Number of asset objects unloaded after import = 1
========================================================================
Received Import Request.
  Time since last request: 31.874083 seconds.
  path: Assets/Tiles/RuleTile_platforms.asset
  artifactKey: Guid(d07da3cfc9cab1c4e91e27ae340b7df8) Importer(815301076,1909f56bfc062723c751e8b465ee728b)
Start importing Assets/Tiles/RuleTile_platforms.asset using Guid(d07da3cfc9cab1c4e91e27ae340b7df8) Importer(815301076,1909f56bfc062723c751e8b465ee728b)  -> (artifact id: 'ddfd4ba8032ccf4870997d1fcf2abfd5') in 0.067472 seconds
Number of updated asset objects reloaded before import = 0
Number of asset objects unloaded after import = 5
========================================================================
Received Import Request.
  Time since last request: 32.859386 seconds.
  path: Assets/Scenes/SampleLevel.unity
  artifactKey: Guid(2cda990e2423bbf4892e6590ba056729) Importer(815301076,1909f56bfc062723c751e8b465ee728b)
Start importing Assets/Scenes/SampleLevel.unity using Guid(2cda990e2423bbf4892e6590ba056729) Importer(815301076,1909f56bfc062723c751e8b465ee728b)  -> (artifact id: '1d17109def5a2ec7f7cc9acc8df57384') in 0.001526 seconds
Number of updated asset objects reloaded before import = 0
Number of asset objects unloaded after import = 0
========================================================================
Received Import Request.
  Time since last request: 55.758929 seconds.
  path: Assets/Sprites/spr_bubble.png
  artifactKey: Guid(98674c1f6bb80194daa0df0310e3aeb2) Importer(815301076,1909f56bfc062723c751e8b465ee728b)
Start importing Assets/Sprites/spr_bubble.png using Guid(98674c1f6bb80194daa0df0310e3aeb2) Importer(815301076,1909f56bfc062723c751e8b465ee728b)  -> (artifact id: 'ed339828631b73875e40d32cd839a144') in 0.089741 seconds
Number of updated asset objects reloaded before import = 0
Number of asset objects unloaded after import = 3
========================================================================
Received Import Request.
  Time since last request: 11.767333 seconds.
  path: Assets/Sprites/spr_bubble 1.png
  artifactKey: Guid(28a74110796fc91489b4408b23f5f15a) Importer(815301076,1909f56bfc062723c751e8b465ee728b)
Start importing Assets/Sprites/spr_bubble 1.png using Guid(28a74110796fc91489b4408b23f5f15a) Importer(815301076,1909f56bfc062723c751e8b465ee728b)  -> (artifact id: 'e881cfb83212915044e46f091eea9f36') in 0.057125 seconds
Number of updated asset objects reloaded before import = 0
Number of asset objects unloaded after import = 3
========================================================================
Received Prepare
Begin MonoManager ReloadAssembly
- Loaded All Assemblies, in  1.778 seconds
Refreshing native plugins compatible for Editor in 55.33 ms, found 4 plugins.
Native extension for UWP target not found
Native extension for WindowsStandalone target not found
Mono: successfully reloaded assembly
- Finished resetting the current domain, in  6.757 seconds
Domain Reload Profiling: 8495ms
	BeginReloadAssembly (459ms)
		ExecutionOrderSort (0ms)
		DisableScriptedObjects (22ms)
		BackupInstance (0ms)
		ReleaseScriptingObjects (0ms)
		CreateAndSetChildDomain (69ms)
	RebuildCommonClasses (80ms)
	RebuildNativeTypeToScriptingClass (19ms)
	initialDomainReloadingComplete (132ms)
	LoadAllAssembliesAndSetupDomain (1048ms)
		LoadAssemblies (1291ms)
		RebuildTransferFunctionScriptingTraits (0ms)
		AnalyzeDomain (36ms)
			TypeCache.Refresh (16ms)
				TypeCache.ScanAssembly (0ms)
			ScanForSourceGeneratedMonoScriptInfo (0ms)
			ResolveRequiredComponents (17ms)
	FinalizeReload (6758ms)
		ReleaseScriptCaches (0ms)
		RebuildScriptCaches (0ms)
		SetupLoadedEditorAssemblies (1655ms)
			LogAssemblyErrors (0ms)
			InitializePlatformSupportModulesInManaged (50ms)
			SetLoadedEditorAssemblies (9ms)
			RefreshPlugins (0ms)
			BeforeProcessingInitializeOnLoad (352ms)
			ProcessInitializeOnLoadAttributes (1093ms)
			ProcessInitializeOnLoadMethodAttributes (73ms)
			AfterProcessingInitializeOnLoad (78ms)
			EditorAssembliesLoaded (1ms)
		ExecutionOrderSort2 (0ms)
		AwakeInstancesAfterBackupRestoration (40ms)
Refreshing native plugins compatible for Editor in 56.89 ms, found 4 plugins.
Preloading 0 native plugins for Editor in 0.00 ms.
Unloading 4564 Unused Serialized files (Serialized files now loaded: 0)
Unloading 41 unused Assets / (288.5 KB). Loaded Objects now: 5104.
Memory consumption went from 151.1 MB to 150.8 MB.
Total: 10.380600 ms (FindLiveObjects: 0.707200 ms CreateObjectMapping: 1.125700 ms MarkObjects: 8.224400 ms  DeleteObjects: 0.320100 ms)

Prepare: number of updated asset objects reloaded= 0
AssetImportParameters requested are different than current active one (requested -> active):
  custom:container-demuxer-ogg: 62fdf1f143b41e24485cea50d1cbac27 -> 
  custom:video-decoder-ogg-theora: a1e56fd34408186e4bbccfd4996cb3dc -> 
  custom:framework-win-MediaFoundation: 216162199b28c13a410421893ffa2e32 -> 
  custom:CustomObjectIndexerAttribute: 756ad292c208cfabdd7b50bc23989ffe -> 
  custom:container-demuxer-webm: 4f35f7cbe854078d1ac9338744f61a02 -> 
  custom:container-muxer-webm: aa71ff27fc2769a1b78a27578f13a17b -> 
  custom:video-decoder-webm-vp8: 9c59270c3fd7afecdb556c50c9e8de78 -> 
  custom:SearchIndexIgnoredProperties: e643bd26f0fe6173181afceb89e7c659 -> 
  custom:AudioImporter_EditorPlatform: d09bf68614088b80899f8185d706f6e7 -> 
  custom:video-encoder-webm-vp8: eb34c28f22e8b96e1ab97ce403110664 -> 
  custom:audio-decoder-ogg-vorbis: bf7c407c2cedff20999df2af8eb42d56 -> 
  custom:audio-encoder-webm-vorbis: bf7c407c2cedff20999df2af8eb42d56 -> 
========================================================================
Received Prepare
Begin MonoManager ReloadAssembly
- Loaded All Assemblies, in  1.763 seconds
Refreshing native plugins compatible for Editor in 56.79 ms, found 4 plugins.
Native extension for UWP target not found
Native extension for WindowsStandalone target not found
Mono: successfully reloaded assembly
- Finished resetting the current domain, in  6.099 seconds
Domain Reload Profiling: 7819ms
	BeginReloadAssembly (470ms)
		ExecutionOrderSort (0ms)
		DisableScriptedObjects (29ms)
		BackupInstance (0ms)
		ReleaseScriptingObjects (0ms)
		CreateAndSetChildDomain (68ms)
	RebuildCommonClasses (71ms)
	RebuildNativeTypeToScriptingClass (30ms)
	initialDomainReloadingComplete (139ms)
	LoadAllAssembliesAndSetupDomain (1009ms)
		LoadAssemblies (1248ms)
		RebuildTransferFunctionScriptingTraits (0ms)
		AnalyzeDomain (40ms)
			TypeCache.Refresh (15ms)
				TypeCache.ScanAssembly (0ms)
			ScanForSourceGeneratedMonoScriptInfo (0ms)
			ResolveRequiredComponents (22ms)
	FinalizeReload (6101ms)
		ReleaseScriptCaches (0ms)
		RebuildScriptCaches (0ms)
		SetupLoadedEditorAssemblies (2008ms)
			LogAssemblyErrors (0ms)
			InitializePlatformSupportModulesInManaged (50ms)
			SetLoadedEditorAssemblies (8ms)
			RefreshPlugins (0ms)
			BeforeProcessingInitializeOnLoad (343ms)
			ProcessInitializeOnLoadAttributes (1399ms)
			ProcessInitializeOnLoadMethodAttributes (116ms)
			AfterProcessingInitializeOnLoad (91ms)
			EditorAssembliesLoaded (1ms)
		ExecutionOrderSort2 (0ms)
		AwakeInstancesAfterBackupRestoration (45ms)
Refreshing native plugins compatible for Editor in 38.62 ms, found 4 plugins.
Preloading 0 native plugins for Editor in 0.00 ms.
Unloading 4565 Unused Serialized files (Serialized files now loaded: 0)
Unloading 41 unused Assets / (288.7 KB). Loaded Objects now: 5120.
Memory consumption went from 151.4 MB to 151.1 MB.
Total: 5.797100 ms (FindLiveObjects: 0.472800 ms CreateObjectMapping: 0.598900 ms MarkObjects: 4.450900 ms  DeleteObjects: 0.272700 ms)

Prepare: number of updated asset objects reloaded= 0
AssetImportParameters requested are different than current active one (requested -> active):
  custom:container-demuxer-ogg: 62fdf1f143b41e24485cea50d1cbac27 -> 
  custom:video-decoder-ogg-theora: a1e56fd34408186e4bbccfd4996cb3dc -> 
  custom:framework-win-MediaFoundation: 216162199b28c13a410421893ffa2e32 -> 
  custom:CustomObjectIndexerAttribute: 756ad292c208cfabdd7b50bc23989ffe -> 
  custom:container-demuxer-webm: 4f35f7cbe854078d1ac9338744f61a02 -> 
  custom:container-muxer-webm: aa71ff27fc2769a1b78a27578f13a17b -> 
  custom:video-decoder-webm-vp8: 9c59270c3fd7afecdb556c50c9e8de78 -> 
  custom:SearchIndexIgnoredProperties: e643bd26f0fe6173181afceb89e7c659 -> 
  custom:AudioImporter_EditorPlatform: d09bf68614088b80899f8185d706f6e7 -> 
  custom:video-encoder-webm-vp8: eb34c28f22e8b96e1ab97ce403110664 -> 
  custom:audio-decoder-ogg-vorbis: bf7c407c2cedff20999df2af8eb42d56 -> 
  custom:audio-encoder-webm-vorbis: bf7c407c2cedff20999df2af8eb42d56 -> 
